[0611/224435:WARNING:resource_bundle.cc(304)] locale_file_path.empty()
[0611/224435:ERROR:main_delegate.cc(564)] Could not load locale pak for en-US
[0611/224435:ERROR:main_delegate.cc(571)] Could not load cef.pak
[0611/224435:ERROR:main_delegate.cc(588)] Could not load cef_100_percent.pak
[0611/224435:WARNING:resource_bundle.cc(497)] locale resources are not loaded
[0611/224435:WARNING:resource_bundle.cc(304)] locale_file_path.empty()
[0611/224435:ERROR:main_delegate.cc(564)] Could not load locale pak for en-US
[0611/224435:ERROR:main_delegate.cc(571)] Could not load cef.pak
[0611/224435:ERROR:main_delegate.cc(588)] Could not load cef_100_percent.pak
[0611/224441:WARNING:resource_bundle.cc(304)] locale_file_path.empty()
[0611/224441:ERROR:main_delegate.cc(564)] Could not load locale pak for en-US
[0611/224441:ERROR:main_delegate.cc(571)] Could not load cef.pak
[0611/224441:ERROR:main_delegate.cc(588)] Could not load cef_100_percent.pak
[0611/224441:ERROR:renderer_main.cc(207)] Running without renderer sandbox
[0611/225503:WARNING:resource_bundle.cc(304)] locale_file_path.empty()
[0611/225503:ERROR:main_delegate.cc(564)] Could not load locale pak for en-US
[0611/225503:ERROR:main_delegate.cc(571)] Could not load cef.pak
[0611/225503:ERROR:main_delegate.cc(588)] Could not load cef_100_percent.pak
[0611/225503:WARNING:resource_bundle.cc(497)] locale resources are not loaded
[0611/225503:WARNING:resource_bundle.cc(304)] locale_file_path.empty()
[0611/225503:ERROR:main_delegate.cc(564)] Could not load locale pak for en-US
[0611/225503:ERROR:main_delegate.cc(571)] Could not load cef.pak
[0611/225503:ERROR:main_delegate.cc(588)] Could not load cef_100_percent.pak
[0611/225511:WARNING:resource_bundle.cc(304)] locale_file_path.empty()
[0611/225511:ERROR:main_delegate.cc(564)] Could not load locale pak for en-US
[0611/225511:ERROR:main_delegate.cc(571)] Could not load cef.pak
[0611/225511:ERROR:main_delegate.cc(588)] Could not load cef_100_percent.pak
[0611/225511:ERROR:renderer_main.cc(207)] Running without renderer sandbox
